  game.cpp
game.cpp(172): warning C4996: 'strcpy': This function or variable may be unsafe. Consider using strcpy_s instead. To disable deprecation, use _CRT_SECURE_NO_WARNINGS. See online help for details.
  C:\Program Files (x86)\Windows Kits\10\Include\10.0.14393.0\ucrt\string.h(129): note: see declaration of 'strcpy'
game.cpp(173): warning C4996: 'strcat': This function or variable may be unsafe. Consider using strcat_s instead. To disable deprecation, use _CRT_SECURE_NO_WARNINGS. See online help for details.
  C:\Program Files (x86)\Windows Kits\10\Include\10.0.14393.0\ucrt\string.h(90): note: see declaration of 'strcat'
game.cpp(174): warning C4305: 'argument': truncation from 'double' to 'float'
game.cpp(171): warning C4996: 'sprintf': This function or variable may be unsafe. Consider using sprintf_s instead. To disable deprecation, use _CRT_SECURE_NO_WARNINGS. See online help for details.
  C:\Program Files (x86)\Windows Kits\10\Include\10.0.14393.0\ucrt\stdio.h(1769): note: see declaration of 'sprintf'
game.cpp(186): warning C4305: 'argument': truncation from 'double' to 'float'
game.cpp(187): warning C4305: 'argument': truncation from 'double' to 'float'
game.cpp(188): warning C4305: 'argument': truncation from 'double' to 'float'
game.cpp(189): warning C4305: 'argument': truncation from 'double' to 'float'
game.cpp(190): warning C4305: 'argument': truncation from 'double' to 'float'
game.cpp(191): warning C4305: 'argument': truncation from 'double' to 'float'
game.cpp(192): warning C4305: 'argument': truncation from 'double' to 'float'
game.cpp(193): warning C4305: 'argument': truncation from 'double' to 'float'
game.cpp(201): warning C4305: 'argument': truncation from 'double' to 'float'
game.cpp(210): warning C4305: 'argument': truncation from 'double' to 'float'
game.cpp(211): warning C4305: 'argument': truncation from 'double' to 'float'
game.cpp(212): warning C4305: 'argument': truncation from 'double' to 'float'
  main.cpp
  Generating code
  8 of 26 functions (30.8%) were compiled, the rest were copied from previous compilation.
    0 functions were new in current compilation
    4 functions had inline decision re-evaluated but remain unchanged
  Finished generating code
  CGProj.vcxproj -> C:\Users\mayan\Documents\Visual Studio 2017\Projects\CGProj\Release\CGProj.exe
